<?xml version="1.0" encoding="UTF-8"?>
<!-- Generated by org.testng.reporters.JUnitReportReporter -->
<testsuite hostname="NQMUMLAP0155" failures="0" tests="1" name="cucumber.TestNGTestRunner" time="17.500" errors="0" timestamp="2024-08-23T13:45:01 IST" skipped="0">
  <testcase classname="cucumber.TestNGTestRunner" name="runScenario" time="17.500"/>
</testsuite> <!-- cucumber.TestNGTestRunner -->
