<?xml version="1.0" encoding="UTF-8"?>
<!-- Generated by org.testng.reporters.JUnitReportReporter -->
<testsuite hostname="NQMUMLAP0099" failures="0" tests="6" name="sparsh.tests.SearchFunTest" time="166.011" errors="0" timestamp="2023-06-23T18:29:43 IST" skipped="0">
  <testcase classname="sparsh.tests.SearchFunTest" name="SingleInteractionTypeSelection" time="31.056"/>
  <system-out/>
  <testcase classname="sparsh.tests.SearchFunTest" name="SingleChannelSelection" time="25.401"/>
  <system-out/>
  <testcase classname="sparsh.tests.SearchFunTest" name="MultipleInteractionTypeSelection" time="29.758"/>
  <system-out/>
  <testcase classname="sparsh.tests.SearchFunTest" name="MultipleChannelSelection" time="29.681"/>
  <system-out/>
  <testcase classname="sparsh.tests.SearchFunTest" name="SingleProductSelection" time="26.593"/>
  <system-out/>
  <testcase classname="sparsh.tests.SearchFunTest" name="MultipleProductSelection" time="23.522"/>
  <system-out/>
</testsuite> <!-- sparsh.tests.SearchFunTest -->
