<?xml version="1.0" encoding="UTF-8"?>
<!-- Generated by org.testng.reporters.JUnitReportReporter -->
<testsuite hostname="NQMUMLAP0155" failures="0" tests="1" name="sparsh.abstractComponents.JsonDataCreation" time="4.458" errors="0" timestamp="2024-08-23T10:05:41 IST" skipped="0">
  <testcase classname="sparsh.abstractComponents.JsonDataCreation" name="json" time="4.458"/>
</testsuite> <!-- sparsh.abstractComponents.JsonDataCreation -->
